2018-10-01 18:54:20.6221 [DEBUG] Validating model...
2018-10-01 18:54:20.8350 [DEBUG] Model updated
2018-10-01 18:54:20.8350 [DEBUG] Authenticating with server...
2018-10-01 18:54:21.3957 [DEBUG] Connected to room. (82827:SceneFusion:SceneFusion)
2018-10-01 18:54:21.4047 [INFO] Connected to server.
2018-10-01 18:54:21.4047 [DEBUG] OS : Microsoft Windows NT 10.0.17134.0
2018-10-01 18:54:21.4047 [DEBUG] Unity Version : 2018.2.0f2
2018-10-01 18:54:21.4047 [DEBUG] Pro License : False
2018-10-01 18:54:21.4057 [DEBUG] Platform : WindowsEditor
2018-10-01 18:54:21.4057 [DEBUG] Build Target : StandaloneWindows64
2018-10-01 18:54:21.4077 [DEBUG] Scene Fusion version : 1.8.1
2018-10-01 18:54:21.4077 [DEBUG] Scene Fusion client build : 0
2018-10-01 18:54:21.4087 [DEBUG] User : B00313202@studentmail.uws.ac.uk
2018-10-01 18:54:21.4087 [DEBUG] Waiting for server response
2018-10-01 18:54:21.4657 [DEBUG] Tier: SF Essential 4, Permissions: 00000003
2018-10-01 18:54:21.4657 [DEBUG] User Permissions: FFFFFFFF
2018-10-01 18:54:21.5846 [DEBUG] No stand-in for UnityEngine.ProceduralMaterial
2018-10-01 18:54:21.5846 [DEBUG] No stand-in for UnityEngine.ProceduralTexture
2018-10-01 18:54:21.9334 [DEBUG] Uploading scene 'SampleScene'
2018-10-01 18:54:21.9804 [DEBUG] Spawn request. (Objects: 2)
2018-10-01 18:54:22.2342 [DEBUG] Loading complete
2018-10-01 19:07:11.9725 [DEBUG] Spawn request. (Objects: 1)
2018-10-01 19:08:26.3561 [DEBUG] Spawn request. (Objects: 1)
2018-10-01 19:13:30.9297 [DEBUG] Disconnecting from room (82827:SceneFusion:SceneFusion)
2018-10-01 19:13:30.9367 [INFO] Disconnected from server.
2018-10-01 19:13:30.9367 [DEBUG] Disconnect. (Duration: 1149)
