2018-10-01 19:14:37.3462 [DEBUG] Validating model...
2018-10-01 19:14:37.5311 [DEBUG] Model updated
2018-10-01 19:14:37.5321 [DEBUG] Authenticating with server...
2018-10-01 19:14:38.1049 [DEBUG] Connected to room. (82832:SceneFusion:SceneFusion)
2018-10-01 19:14:38.1199 [INFO] Connected to server.
2018-10-01 19:14:38.1209 [DEBUG] OS : Microsoft Windows NT 10.0.17134.0
2018-10-01 19:14:38.1209 [DEBUG] Unity Version : 2018.2.0f2
2018-10-01 19:14:38.1209 [DEBUG] Pro License : False
2018-10-01 19:14:38.1209 [DEBUG] Platform : WindowsEditor
2018-10-01 19:14:38.1209 [DEBUG] Build Target : StandaloneWindows64
2018-10-01 19:14:38.1239 [DEBUG] Scene Fusion version : 1.8.1
2018-10-01 19:14:38.1239 [DEBUG] Scene Fusion client build : 0
2018-10-01 19:14:38.1239 [DEBUG] User : B00313202@studentmail.uws.ac.uk
2018-10-01 19:14:38.1249 [DEBUG] Waiting for server response
2018-10-01 19:14:38.1848 [DEBUG] Tier: SF Essential 4, Permissions: 00000003
2018-10-01 19:14:38.1848 [DEBUG] User Permissions: FFFFFFFF
2018-10-01 19:14:38.3097 [DEBUG] No stand-in for UnityEngine.ProceduralMaterial
2018-10-01 19:14:38.3097 [DEBUG] No stand-in for UnityEngine.ProceduralTexture
2018-10-01 19:14:38.6476 [DEBUG] Uploading scene 'SampleScene'
2018-10-01 19:14:38.7035 [DEBUG] Spawn request. (Objects: 4)
2018-10-01 19:14:38.9494 [DEBUG] Loading complete
