2018-10-01 18:51:33.2968 [DEBUG] Scene Fusion version 1.8.1-0
2018-10-01 18:51:33.3088 [INFO] Setting define symbol SCENE_FUSION
2018-10-01 18:51:40.8811 [DEBUG] Scene Fusion version 1.8.1-0
2018-10-01 18:51:49.6046 [DEBUG] Invalid token sent as part of a web request token. Token = 05Mm4tOpSxoO2IQicn1qlL8dkdzl7MFWxJbFEaUJDHKPsfqMrZRXmouMs3rqUcKjcc4fzZUXpwTGWjCM8glY0pBC0WCemeLkLpOKKmzsbJEfuUfdIOfelaZcScfK2gBjUBiuH5hEglFOjbupxhB8Qd6sRyUMigaO532b1XII8BKJqqYJK3mKCUm2UkDmLBUcqfwfUkNo67DBjnMe1nBodzLjztGns8i4dcY8Ht7iQyiS30Sa5bf7h3AynFcu1HQ
2018-10-01 18:54:16.5143 [INFO] Launching Session: SampleScene
2018-10-01 18:54:17.7537 [DEBUG] Connecting
2018-10-01 18:54:17.7717 [DEBUG] Connecting to room (82827:SceneFusion:SceneFusion) via TCP at ec2-52-43-42-38.us-west-2.compute.amazonaws.com:1083
2018-10-01 19:13:30.9837 [DEBUG] Sent C:/Users/Stefa/Documents/GitHub/VirtEnvroUWS/Virtual World/KSEditorLogs/SessionLogs/session.82827-636740168578296851.log
2018-10-01 19:14:19.3588 [DEBUG] Scene Fusion version 1.8.1-0
2018-10-01 19:14:27.1924 [DEBUG] Scene Fusion version 1.8.1-0
2018-10-01 19:14:36.1399 [INFO] Launching Session: SampleScene
2018-10-01 19:14:36.8715 [DEBUG] Connecting
2018-10-01 19:14:36.8925 [DEBUG] Connecting to room (82832:SceneFusion:SceneFusion) via TCP at ec2-52-43-42-38.us-west-2.compute.amazonaws.com:1085
2018-10-01 20:05:42.5637 [DEBUG] Scene Fusion version 1.8.1-0
2018-10-01 20:05:49.8535 [DEBUG] Scene Fusion version 1.8.1-0
2018-10-01 20:06:18.3456 [DEBUG] Scene Fusion version 1.8.1-0
2018-10-01 20:06:25.9665 [DEBUG] Scene Fusion version 1.8.1-0
2018-10-01 20:08:44.9059 [INFO] Launching Session: SampleScene
2018-10-01 20:08:45.5936 [DEBUG] Connecting
2018-10-01 20:08:45.6126 [DEBUG] Connecting to room (82836:SceneFusion:SceneFusion) via TCP at ec2-52-43-42-38.us-west-2.compute.amazonaws.com:1064
2018-10-01 20:14:30.8972 [DEBUG] Sent C:/Users/Stefa/Documents/GitHub/VirtEnvroUWS/Virtual World/KSEditorLogs/SessionLogs/session.82836-636740213256705808.log
2018-10-01 20:14:49.1489 [DEBUG] Scene Fusion version 1.8.1-0
2018-10-01 20:14:56.7802 [DEBUG] Scene Fusion version 1.8.1-0
2018-10-01 20:17:31.1476 [INFO] Launching Session: SampleScene
2018-10-01 20:17:32.4718 [DEBUG] Connecting
2018-10-01 20:17:32.4938 [DEBUG] Connecting to room (82838:SceneFusion:SceneFusion) via TCP at ec2-52-43-42-38.us-west-2.compute.amazonaws.com:1037
2018-10-01 20:29:32.1788 [DEBUG] Sent C:/Users/Stefa/Documents/GitHub/VirtEnvroUWS/Virtual World/KSEditorLogs/SessionLogs/session.82838-636740218525018283.log
2018-10-01 20:29:55.8934 [DEBUG] Scene Fusion version 1.8.1-0
2018-10-01 20:30:03.3429 [DEBUG] Scene Fusion version 1.8.1-0
